<?xml version="1.0" encoding="UTF-8"?>
<testng-results skipped="0" failed="0" total="1" passed="1">
  <reporter-output>
  </reporter-output>
  <suite name="Suite" duration-ms="38" started-at="2017-11-25T08:06:33Z" finished-at="2017-11-25T08:06:34Z">
    <groups>
    </groups>
    <test name="Test" duration-ms="38" started-at="2017-11-25T08:06:33Z" finished-at="2017-11-25T08:06:34Z">
      <class name="com.test.abc.DemoForMaven">
        <test-method status="PASS" signature="testHello()[pri:0, instance:com.test.abc.DemoForMaven@1933fd1]" name="testHello" duration-ms="18" started-at="2017-11-25T13:36:33Z" finished-at="2017-11-25T13:36:34Z">
          <reporter-output>
          </reporter-output>
        </test-method> <!-- testHello -->
      </class> <!-- com.test.abc.DemoForMaven -->
    </test> <!-- Test -->
  </suite> <!-- Suite -->
</testng-results>
